<?xml version="1.0" encoding="UTF-8"?>
<!-- Generated by org.testng.reporters.JUnitReportReporter -->
<testsuite hostname="NITRO-5" failures="0" tests="3" name="com.qainfotech.tap.training.snl.api.BoardTest" time="0.114" errors="0" timestamp="2020-10-27T18:34:14 IST" skipped="0">
  <testcase classname="com.qainfotech.tap.training.snl.api.BoardTest" name="rolldice" time="0.068"/>
  <system-out/>
  <testcase classname="com.qainfotech.tap.training.snl.api.BoardTest" name="register_new_player" time="0.016"/>
  <system-out/>
  <testcase classname="com.qainfotech.tap.training.snl.api.BoardTest" name="initialiseboard" time="0.030"/>
  <system-out/>
</testsuite> <!-- com.qainfotech.tap.training.snl.api.BoardTest -->
